# JRE version: Java(TM) SE Runtime Environment (8.0_161-b12) (build 1.8.0_161-b12)
# Java VM: Java HotSpot(TM) 64-Bit Server VM (25.161-b12 mixed mode windows-amd64 compressed oops)
Heap:
 PSYoungGen      total 259072K, used 28189K [0x00000000e0a00000, 0x00000000f0e80000, 0x0000000100000000)
  eden space 252416K, 10% used [0x00000000e0a00000,0x00000000e22b51a0,0x00000000f0080000)
  from space 6656K, 43% used [0x00000000f0800000,0x00000000f0ad2460,0x00000000f0e80000)
  to   space 7168K, 0% used [0x00000000f0080000,0x00000000f0080000,0x00000000f0780000)
 ParOldGen       total 147968K, used 93463K [0x00000000a1e00000, 0x00000000aae80000, 0x00000000e0a00000)
  object space 147968K, 63% used [0x00000000a1e00000,0x00000000a7945ed0,0x00000000aae80000)
 Metaspace       used 19553K, capacity 19856K, committed 20352K, reserved 1067008K
  class space    used 2481K, capacity 2568K, committed 2688K, reserved 1048576K
GC Heap History (10 events):
Event: 15.138 GC heap before
{Heap before GC invocations=8 (full 0):
 PSYoungGen      total 56832K, used 49429K [0x00000000e0a00000, 0x00000000e7a00000, 0x0000000100000000)
  eden space 49152K, 99% used [0x00000000e0a00000,0x00000000e39baef8,0x00000000e3a00000)
  from space 7680K, 7% used [0x00000000e3a00000,0x00000000e3a8a618,0x00000000e4180000)
  to   space 8192K, 0% used [0x00000000e7200000,0x00000000e7200000,0x00000000e7a00000)
 ParOldGen       total 147968K, used 93204K [0x00000000a1e00000, 0x00000000aae80000, 0x00000000e0a00000)
  object space 147968K, 62% used [0x00000000a1e00000,0x00000000a7905180,0x00000000aae80000)
 Metaspace       used 17349K, capacity 17700K, committed 17920K, reserved 1064960K
  class space    used 2182K, capacity 2278K, committed 2304K, reserved 1048576K
Event: 15.167 GC heap after
Heap after GC invocations=8 (full 0):
 PSYoungGen      total 106496K, used 428K [0x00000000e0a00000, 0x00000000e7a00000, 0x0000000100000000)
  eden space 98304K, 0% used [0x00000000e0a00000,0x00000000e0a00000,0x00000000e6a00000)
  from space 8192K, 5% used [0x00000000e7200000,0x00000000e726b108,0x00000000e7a00000)
  to   space 8192K, 0% used [0x00000000e6a00000,0x00000000e6a00000,0x00000000e7200000)
 ParOldGen       total 147968K, used 93399K [0x00000000a1e00000, 0x00000000aae80000, 0x00000000e0a00000)
  object space 147968K, 63% used [0x00000000a1e00000,0x00000000a7935ed0,0x00000000aae80000)
 Metaspace       used 17349K, capacity 17700K, committed 17920K, reserved 1064960K
  class space    used 2182K, capacity 2278K, committed 2304K, reserved 1048576K
}
Event: 15.201 GC heap before
{Heap before GC invocations=9 (full 0):
 PSYoungGen      total 106496K, used 98523K [0x00000000e0a00000, 0x00000000e7a00000, 0x0000000100000000)
  eden space 98304K, 99% used [0x00000000e0a00000,0x00000000e69cbd48,0x00000000e6a00000)
  from space 8192K, 5% used [0x00000000e7200000,0x00000000e726b108,0x00000000e7a00000)
  to   space 8192K, 0% used [0x00000000e6a00000,0x00000000e6a00000,0x00000000e7200000)
 ParOldGen       total 147968K, used 93399K [0x00000000a1e00000, 0x00000000aae80000, 0x00000000e0a00000)
  object space 147968K, 63% used [0x00000000a1e00000,0x00000000a7935ed0,0x00000000aae80000)
 Metaspace       used 17352K, capacity 17700K, committed 17920K, reserved 1064960K
  class space    used 2182K, capacity 2278K, committed 2304K, reserved 1048576K
Event: 15.229 GC heap after
Heap after GC invocations=9 (full 0):
 PSYoungGen      total 106496K, used 960K [0x00000000e0a00000, 0x00000000eb400000, 0x0000000100000000)
  eden space 98304K, 0% used [0x00000000e0a00000,0x00000000e0a00000,0x00000000e6a00000)
  from space 8192K, 11% used [0x00000000e6a00000,0x00000000e6af0370,0x00000000e7200000)
  to   space 8192K, 0% used [0x00000000eac00000,0x00000000eac00000,0x00000000eb400000)
 ParOldGen       total 147968K, used 93423K [0x00000000a1e00000, 0x00000000aae80000, 0x00000000e0a00000)
  object space 147968K, 63% used [0x00000000a1e00000,0x00000000a793bed0,0x00000000aae80000)
 Metaspace       used 17352K, capacity 17700K, committed 17920K, reserved 1064960K
  class space    used 2182K, capacity 2278K, committed 2304K, reserved 1048576K
}
Event: 15.246 GC heap before
{Heap before GC invocations=10 (full 0):
 PSYoungGen      total 106496K, used 99235K [0x00000000e0a00000, 0x00000000eb400000, 0x0000000100000000)
  eden space 98304K, 99% used [0x00000000e0a00000,0x00000000e69f8b08,0x00000000e6a00000)
  from space 8192K, 11% used [0x00000000e6a00000,0x00000000e6af0370,0x00000000e7200000)
  to   space 8192K, 0% used [0x00000000eac00000,0x00000000eac00000,0x00000000eb400000)
 ParOldGen       total 147968K, used 93423K [0x00000000a1e00000, 0x00000000aae80000, 0x00000000e0a00000)
  object space 147968K, 63% used [0x00000000a1e00000,0x00000000a793bed0,0x00000000aae80000)
 Metaspace       used 17353K, capacity 17700K, committed 17920K, reserved 1064960K
  class space    used 2182K, capacity 2278K, committed 2304K, reserved 1048576K
Event: 15.274 GC heap after
Heap after GC invocations=10 (full 0):
 PSYoungGen      total 164864K, used 1617K [0x00000000e0a00000, 0x00000000eb300000, 0x0000000100000000)
  eden space 157696K, 0% used [0x00000000e0a00000,0x00000000e0a00000,0x00000000ea400000)
  from space 7168K, 22% used [0x00000000eac00000,0x00000000ead94560,0x00000000eb300000)
  to   space 7680K, 0% used [0x00000000ea400000,0x00000000ea400000,0x00000000eab80000)
 ParOldGen       total 147968K, used 93431K [0x00000000a1e00000, 0x00000000aae80000, 0x00000000e0a00000)
  object space 147968K, 63% used [0x00000000a1e00000,0x00000000a793ded0,0x00000000aae80000)
 Metaspace       used 17353K, capacity 17700K, committed 17920K, reserved 1064960K
  class space    used 2182K, capacity 2278K, committed 2304K, reserved 1048576K
}
Event: 15.319 GC heap before
{Heap before GC invocations=11 (full 0):
 PSYoungGen      total 164864K, used 158732K [0x00000000e0a00000, 0x00000000eb300000, 0x0000000100000000)
  eden space 157696K, 99% used [0x00000000e0a00000,0x00000000ea36ec70,0x00000000ea400000)
  from space 7168K, 22% used [0x00000000eac00000,0x00000000ead94560,0x00000000eb300000)
  to   space 7680K, 0% used [0x00000000ea400000,0x00000000ea400000,0x00000000eab80000)
 ParOldGen       total 147968K, used 93431K [0x00000000a1e00000, 0x00000000aae80000, 0x00000000e0a00000)
  object space 147968K, 63% used [0x00000000a1e00000,0x00000000a793ded0,0x00000000aae80000)
 Metaspace       used 17353K, capacity 17700K, committed 17920K, reserved 1064960K
  class space    used 2182K, capacity 2278K, committed 2304K, reserved 1048576K
Event: 15.348 GC heap after
Heap after GC invocations=11 (full 0):
 PSYoungGen      total 165376K, used 1944K [0x00000000e0a00000, 0x00000000f0f80000, 0x0000000100000000)
  eden space 157696K, 0% used [0x00000000e0a00000,0x00000000e0a00000,0x00000000ea400000)
  from space 7680K, 25% used [0x00000000ea400000,0x00000000ea5e6378,0x00000000eab80000)
  to   space 7680K, 0% used [0x00000000f0800000,0x00000000f0800000,0x00000000f0f80000)
 ParOldGen       total 147968K, used 93447K [0x00000000a1e00000, 0x00000000aae80000, 0x00000000e0a00000)
  object space 147968K, 63% used [0x00000000a1e00000,0x00000000a7941ed0,0x00000000aae80000)
 Metaspace       used 17353K, capacity 17700K, committed 17920K, reserved 1064960K
  class space    used 2182K, capacity 2278K, committed 2304K, reserved 1048576K
}
Event: 23.508 GC heap before
{Heap before GC invocations=12 (full 0):
 PSYoungGen      total 165376K, used 159640K [0x00000000e0a00000, 0x00000000f0f80000, 0x0000000100000000)
  eden space 157696K, 100% used [0x00000000e0a00000,0x00000000ea400000,0x00000000ea400000)
  from space 7680K, 25% used [0x00000000ea400000,0x00000000ea5e6378,0x00000000eab80000)
  to   space 7680K, 0% used [0x00000000f0800000,0x00000000f0800000,0x00000000f0f80000)
 ParOldGen       total 147968K, used 93447K [0x00000000a1e00000, 0x00000000aae80000, 0x00000000e0a00000)
  object space 147968K, 63% used [0x00000000a1e00000,0x00000000a7941ed0,0x00000000aae80000)
 Metaspace       used 17528K, capacity 17892K, committed 18304K, reserved 1064960K
  class space    used 2220K, capacity 2342K, committed 2432K, reserved 1048576K
Event: 23.541 GC heap after
Heap after GC invocations=12 (full 0):
 PSYoungGen      total 259072K, used 2889K [0x00000000e0a00000, 0x00000000f0e80000, 0x0000000100000000)
  eden space 252416K, 0% used [0x00000000e0a00000,0x00000000e0a00000,0x00000000f0080000)
  from space 6656K, 43% used [0x00000000f0800000,0x00000000f0ad2460,0x00000000f0e80000)
  to   space 7168K, 0% used [0x00000000f0080000,0x00000000f0080000,0x00000000f0780000)
 ParOldGen       total 147968K, used 93463K [0x00000000a1e00000, 0x00000000aae80000, 0x00000000e0a00000)
  object space 147968K, 63% used [0x00000000a1e00000,0x00000000a7945ed0,0x00000000aae80000)
 Metaspace       used 17528K, capacity 17892K, committed 18304K, reserved 1064960K
  class space    used 2220K, capacity 2342K, committed 2432K, reserved 1048576K
}

