# JRE version: Java(TM) SE Runtime Environment (8.0_161-b12) (build 1.8.0_161-b12)
# Java VM: Java HotSpot(TM) 64-Bit Server VM (25.161-b12 mixed mode windows-amd64 compressed oops)
Heap:
 PSYoungGen      total 259072K, used 37837K [0x00000000e0a00000, 0x00000000f1180000, 0x0000000100000000)
  eden space 251392K, 12% used [0x00000000e0a00000,0x00000000e28c0208,0x00000000eff80000)
  from space 7680K, 82% used [0x00000000f0800000,0x00000000f0e335e0,0x00000000f0f80000)
  to   space 8704K, 0% used [0x00000000eff80000,0x00000000eff80000,0x00000000f0800000)
 ParOldGen       total 147968K, used 93441K [0x00000000a1e00000, 0x00000000aae80000, 0x00000000e0a00000)
  object space 147968K, 63% used [0x00000000a1e00000,0x00000000a79406f8,0x00000000aae80000)
 Metaspace       used 19520K, capacity 19856K, committed 20352K, reserved 1067008K
  class space    used 2469K, capacity 2568K, committed 2688K, reserved 1048576K
GC Heap History (10 events):
Event: 8.623 GC heap before
{Heap before GC invocations=8 (full 0):
 PSYoungGen      total 56832K, used 50084K [0x00000000e0a00000, 0x00000000e7a00000, 0x0000000100000000)
  eden space 49152K, 99% used [0x00000000e0a00000,0x00000000e39c7548,0x00000000e3a00000)
  from space 7680K, 15% used [0x00000000e3a00000,0x00000000e3b21d78,0x00000000e4180000)
  to   space 8192K, 0% used [0x00000000e7200000,0x00000000e7200000,0x00000000e7a00000)
 ParOldGen       total 147968K, used 93214K [0x00000000a1e00000, 0x00000000aae80000, 0x00000000e0a00000)
  object space 147968K, 62% used [0x00000000a1e00000,0x00000000a7907aa8,0x00000000aae80000)
 Metaspace       used 17341K, capacity 17636K, committed 17920K, reserved 1064960K
  class space    used 2182K, capacity 2278K, committed 2304K, reserved 1048576K
Event: 8.651 GC heap after
Heap after GC invocations=8 (full 0):
 PSYoungGen      total 106496K, used 1151K [0x00000000e0a00000, 0x00000000e7a00000, 0x0000000100000000)
  eden space 98304K, 0% used [0x00000000e0a00000,0x00000000e0a00000,0x00000000e6a00000)
  from space 8192K, 14% used [0x00000000e7200000,0x00000000e731fe78,0x00000000e7a00000)
  to   space 8192K, 0% used [0x00000000e6a00000,0x00000000e6a00000,0x00000000e7200000)
 ParOldGen       total 147968K, used 93393K [0x00000000a1e00000, 0x00000000aae80000, 0x00000000e0a00000)
  object space 147968K, 63% used [0x00000000a1e00000,0x00000000a79346f8,0x00000000aae80000)
 Metaspace       used 17341K, capacity 17636K, committed 17920K, reserved 1064960K
  class space    used 2182K, capacity 2278K, committed 2304K, reserved 1048576K
}
Event: 8.679 GC heap before
{Heap before GC invocations=9 (full 0):
 PSYoungGen      total 106496K, used 99293K [0x00000000e0a00000, 0x00000000e7a00000, 0x0000000100000000)
  eden space 98304K, 99% used [0x00000000e0a00000,0x00000000e69d76d0,0x00000000e6a00000)
  from space 8192K, 14% used [0x00000000e7200000,0x00000000e731fe78,0x00000000e7a00000)
  to   space 8192K, 0% used [0x00000000e6a00000,0x00000000e6a00000,0x00000000e7200000)
 ParOldGen       total 147968K, used 93393K [0x00000000a1e00000, 0x00000000aae80000, 0x00000000e0a00000)
  object space 147968K, 63% used [0x00000000a1e00000,0x00000000a79346f8,0x00000000aae80000)
 Metaspace       used 17344K, capacity 17636K, committed 17920K, reserved 1064960K
  class space    used 2182K, capacity 2278K, committed 2304K, reserved 1048576K
Event: 8.706 GC heap after
Heap after GC invocations=9 (full 0):
 PSYoungGen      total 106496K, used 480K [0x00000000e0a00000, 0x00000000eb400000, 0x0000000100000000)
  eden space 98304K, 0% used [0x00000000e0a00000,0x00000000e0a00000,0x00000000e6a00000)
  from space 8192K, 5% used [0x00000000e6a00000,0x00000000e6a781a8,0x00000000e7200000)
  to   space 8192K, 0% used [0x00000000eac00000,0x00000000eac00000,0x00000000eb400000)
 ParOldGen       total 147968K, used 93401K [0x00000000a1e00000, 0x00000000aae80000, 0x00000000e0a00000)
  object space 147968K, 63% used [0x00000000a1e00000,0x00000000a79366f8,0x00000000aae80000)
 Metaspace       used 17344K, capacity 17636K, committed 17920K, reserved 1064960K
  class space    used 2182K, capacity 2278K, committed 2304K, reserved 1048576K
}
Event: 8.723 GC heap before
{Heap before GC invocations=10 (full 0):
 PSYoungGen      total 106496K, used 98230K [0x00000000e0a00000, 0x00000000eb400000, 0x0000000100000000)
  eden space 98304K, 99% used [0x00000000e0a00000,0x00000000e6975a00,0x00000000e6a00000)
  from space 8192K, 5% used [0x00000000e6a00000,0x00000000e6a781a8,0x00000000e7200000)
  to   space 8192K, 0% used [0x00000000eac00000,0x00000000eac00000,0x00000000eb400000)
 ParOldGen       total 147968K, used 93401K [0x00000000a1e00000, 0x00000000aae80000, 0x00000000e0a00000)
  object space 147968K, 63% used [0x00000000a1e00000,0x00000000a79366f8,0x00000000aae80000)
 Metaspace       used 17345K, capacity 17636K, committed 17920K, reserved 1064960K
  class space    used 2182K, capacity 2278K, committed 2304K, reserved 1048576K
Event: 8.751 GC heap after
Heap after GC invocations=10 (full 0):
 PSYoungGen      total 165888K, used 1131K [0x00000000e0a00000, 0x00000000eb400000, 0x0000000100000000)
  eden space 157696K, 0% used [0x00000000e0a00000,0x00000000e0a00000,0x00000000ea400000)
  from space 8192K, 13% used [0x00000000eac00000,0x00000000ead1ae40,0x00000000eb400000)
  to   space 8192K, 0% used [0x00000000ea400000,0x00000000ea400000,0x00000000eac00000)
 ParOldGen       total 147968K, used 93409K [0x00000000a1e00000, 0x00000000aae80000, 0x00000000e0a00000)
  object space 147968K, 63% used [0x00000000a1e00000,0x00000000a79386f8,0x00000000aae80000)
 Metaspace       used 17345K, capacity 17636K, committed 17920K, reserved 1064960K
  class space    used 2182K, capacity 2278K, committed 2304K, reserved 1048576K
}
Event: 8.793 GC heap before
{Heap before GC invocations=11 (full 0):
 PSYoungGen      total 165888K, used 158134K [0x00000000e0a00000, 0x00000000eb400000, 0x0000000100000000)
  eden space 157696K, 99% used [0x00000000e0a00000,0x00000000ea352da0,0x00000000ea400000)
  from space 8192K, 13% used [0x00000000eac00000,0x00000000ead1ae40,0x00000000eb400000)
  to   space 8192K, 0% used [0x00000000ea400000,0x00000000ea400000,0x00000000eac00000)
 ParOldGen       total 147968K, used 93409K [0x00000000a1e00000, 0x00000000aae80000, 0x00000000e0a00000)
  object space 147968K, 63% used [0x00000000a1e00000,0x00000000a79386f8,0x00000000aae80000)
 Metaspace       used 17345K, capacity 17636K, committed 17920K, reserved 1064960K
  class space    used 2182K, capacity 2278K, committed 2304K, reserved 1048576K
Event: 8.821 GC heap after
Heap after GC invocations=11 (full 0):
 PSYoungGen      total 165888K, used 1296K [0x00000000e0a00000, 0x00000000f0f80000, 0x0000000100000000)
  eden space 157696K, 0% used [0x00000000e0a00000,0x00000000e0a00000,0x00000000ea400000)
  from space 8192K, 15% used [0x00000000ea400000,0x00000000ea544250,0x00000000eac00000)
  to   space 7680K, 0% used [0x00000000f0800000,0x00000000f0800000,0x00000000f0f80000)
 ParOldGen       total 147968K, used 93425K [0x00000000a1e00000, 0x00000000aae80000, 0x00000000e0a00000)
  object space 147968K, 63% used [0x00000000a1e00000,0x00000000a793c6f8,0x00000000aae80000)
 Metaspace       used 17345K, capacity 17636K, committed 17920K, reserved 1064960K
  class space    used 2182K, capacity 2278K, committed 2304K, reserved 1048576K
}
Event: 11.687 GC heap before
{Heap before GC invocations=12 (full 0):
 PSYoungGen      total 165888K, used 158992K [0x00000000e0a00000, 0x00000000f0f80000, 0x0000000100000000)
  eden space 157696K, 100% used [0x00000000e0a00000,0x00000000ea400000,0x00000000ea400000)
  from space 8192K, 15% used [0x00000000ea400000,0x00000000ea544250,0x00000000eac00000)
  to   space 7680K, 0% used [0x00000000f0800000,0x00000000f0800000,0x00000000f0f80000)
 ParOldGen       total 147968K, used 93425K [0x00000000a1e00000, 0x00000000aae80000, 0x00000000e0a00000)
  object space 147968K, 63% used [0x00000000a1e00000,0x00000000a793c6f8,0x00000000aae80000)
 Metaspace       used 17523K, capacity 17860K, committed 18304K, reserved 1064960K
  class space    used 2209K, capacity 2310K, committed 2432K, reserved 1048576K
Event: 11.717 GC heap after
Heap after GC invocations=12 (full 0):
 PSYoungGen      total 259072K, used 6349K [0x00000000e0a00000, 0x00000000f1180000, 0x0000000100000000)
  eden space 251392K, 0% used [0x00000000e0a00000,0x00000000e0a00000,0x00000000eff80000)
  from space 7680K, 82% used [0x00000000f0800000,0x00000000f0e335e0,0x00000000f0f80000)
  to   space 8704K, 0% used [0x00000000eff80000,0x00000000eff80000,0x00000000f0800000)
 ParOldGen       total 147968K, used 93441K [0x00000000a1e00000, 0x00000000aae80000, 0x00000000e0a00000)
  object space 147968K, 63% used [0x00000000a1e00000,0x00000000a79406f8,0x00000000aae80000)
 Metaspace       used 17523K, capacity 17860K, committed 18304K, reserved 1064960K
  class space    used 2209K, capacity 2310K, committed 2432K, reserved 1048576K
}

