# JRE version: Java(TM) SE Runtime Environment (8.0_161-b12) (build 1.8.0_161-b12)
# Java VM: Java HotSpot(TM) 64-Bit Server VM (25.161-b12 mixed mode windows-amd64 compressed oops)
Heap:
 PSYoungGen      total 259072K, used 33201K [0x00000000e0a00000, 0x00000000f1180000, 0x0000000100000000)
  eden space 251392K, 10% used [0x00000000e0a00000,0x00000000e23e4fc0,0x00000000eff80000)
  from space 7680K, 87% used [0x00000000f0800000,0x00000000f0e875d0,0x00000000f0f80000)
  to   space 8704K, 0% used [0x00000000eff80000,0x00000000eff80000,0x00000000f0800000)
 ParOldGen       total 147968K, used 93413K [0x00000000a1e00000, 0x00000000aae80000, 0x00000000e0a00000)
  object space 147968K, 63% used [0x00000000a1e00000,0x00000000a79395b8,0x00000000aae80000)
 Metaspace       used 19536K, capacity 19856K, committed 20352K, reserved 1067008K
  class space    used 2469K, capacity 2568K, committed 2688K, reserved 1048576K
GC Heap History (10 events):
Event: 7.788 GC heap before
{Heap before GC invocations=8 (full 0):
 PSYoungGen      total 56832K, used 49778K [0x00000000e0a00000, 0x00000000e7a00000, 0x0000000100000000)
  eden space 49152K, 99% used [0x00000000e0a00000,0x00000000e39c7f98,0x00000000e3a00000)
  from space 7680K, 11% used [0x00000000e3a00000,0x00000000e3ad4c30,0x00000000e4180000)
  to   space 8192K, 0% used [0x00000000e7200000,0x00000000e7200000,0x00000000e7a00000)
 ParOldGen       total 147968K, used 93186K [0x00000000a1e00000, 0x00000000aae80000, 0x00000000e0a00000)
  object space 147968K, 62% used [0x00000000a1e00000,0x00000000a7900a68,0x00000000aae80000)
 Metaspace       used 17356K, capacity 17700K, committed 17920K, reserved 1064960K
  class space    used 2182K, capacity 2278K, committed 2304K, reserved 1048576K
Event: 7.816 GC heap after
Heap after GC invocations=8 (full 0):
 PSYoungGen      total 106496K, used 824K [0x00000000e0a00000, 0x00000000e7a00000, 0x0000000100000000)
  eden space 98304K, 0% used [0x00000000e0a00000,0x00000000e0a00000,0x00000000e6a00000)
  from space 8192K, 10% used [0x00000000e7200000,0x00000000e72ce230,0x00000000e7a00000)
  to   space 8192K, 0% used [0x00000000e6a00000,0x00000000e6a00000,0x00000000e7200000)
 ParOldGen       total 147968K, used 93365K [0x00000000a1e00000, 0x00000000aae80000, 0x00000000e0a00000)
  object space 147968K, 63% used [0x00000000a1e00000,0x00000000a792d5b8,0x00000000aae80000)
 Metaspace       used 17356K, capacity 17700K, committed 17920K, reserved 1064960K
  class space    used 2182K, capacity 2278K, committed 2304K, reserved 1048576K
}
Event: 7.845 GC heap before
{Heap before GC invocations=9 (full 0):
 PSYoungGen      total 106496K, used 98560K [0x00000000e0a00000, 0x00000000e7a00000, 0x0000000100000000)
  eden space 98304K, 99% used [0x00000000e0a00000,0x00000000e6972088,0x00000000e6a00000)
  from space 8192K, 10% used [0x00000000e7200000,0x00000000e72ce230,0x00000000e7a00000)
  to   space 8192K, 0% used [0x00000000e6a00000,0x00000000e6a00000,0x00000000e7200000)
 ParOldGen       total 147968K, used 93365K [0x00000000a1e00000, 0x00000000aae80000, 0x00000000e0a00000)
  object space 147968K, 63% used [0x00000000a1e00000,0x00000000a792d5b8,0x00000000aae80000)
 Metaspace       used 17359K, capacity 17700K, committed 17920K, reserved 1064960K
  class space    used 2182K, capacity 2278K, committed 2304K, reserved 1048576K
Event: 7.874 GC heap after
Heap after GC invocations=9 (full 0):
 PSYoungGen      total 106496K, used 1024K [0x00000000e0a00000, 0x00000000eb400000, 0x0000000100000000)
  eden space 98304K, 0% used [0x00000000e0a00000,0x00000000e0a00000,0x00000000e6a00000)
  from space 8192K, 12% used [0x00000000e6a00000,0x00000000e6b00370,0x00000000e7200000)
  to   space 8192K, 0% used [0x00000000eac00000,0x00000000eac00000,0x00000000eb400000)
 ParOldGen       total 147968K, used 93389K [0x00000000a1e00000, 0x00000000aae80000, 0x00000000e0a00000)
  object space 147968K, 63% used [0x00000000a1e00000,0x00000000a79335b8,0x00000000aae80000)
 Metaspace       used 17359K, capacity 17700K, committed 17920K, reserved 1064960K
  class space    used 2182K, capacity 2278K, committed 2304K, reserved 1048576K
}
Event: 7.890 GC heap before
{Heap before GC invocations=10 (full 0):
 PSYoungGen      total 106496K, used 99290K [0x00000000e0a00000, 0x00000000eb400000, 0x0000000100000000)
  eden space 98304K, 99% used [0x00000000e0a00000,0x00000000e69f6590,0x00000000e6a00000)
  from space 8192K, 12% used [0x00000000e6a00000,0x00000000e6b00370,0x00000000e7200000)
  to   space 8192K, 0% used [0x00000000eac00000,0x00000000eac00000,0x00000000eb400000)
 ParOldGen       total 147968K, used 93389K [0x00000000a1e00000, 0x00000000aae80000, 0x00000000e0a00000)
  object space 147968K, 63% used [0x00000000a1e00000,0x00000000a79335b8,0x00000000aae80000)
 Metaspace       used 17360K, capacity 17700K, committed 17920K, reserved 1064960K
  class space    used 2182K, capacity 2278K, committed 2304K, reserved 1048576K
Event: 7.918 GC heap after
Heap after GC invocations=10 (full 0):
 PSYoungGen      total 164864K, used 1617K [0x00000000e0a00000, 0x00000000eb300000, 0x0000000100000000)
  eden space 157696K, 0% used [0x00000000e0a00000,0x00000000e0a00000,0x00000000ea400000)
  from space 7168K, 22% used [0x00000000eac00000,0x00000000ead94560,0x00000000eb300000)
  to   space 7680K, 0% used [0x00000000ea400000,0x00000000ea400000,0x00000000eab80000)
 ParOldGen       total 147968K, used 93397K [0x00000000a1e00000, 0x00000000aae80000, 0x00000000e0a00000)
  object space 147968K, 63% used [0x00000000a1e00000,0x00000000a79355b8,0x00000000aae80000)
 Metaspace       used 17360K, capacity 17700K, committed 17920K, reserved 1064960K
  class space    used 2182K, capacity 2278K, committed 2304K, reserved 1048576K
}
Event: 7.962 GC heap before
{Heap before GC invocations=11 (full 0):
 PSYoungGen      total 164864K, used 158734K [0x00000000e0a00000, 0x00000000eb300000, 0x0000000100000000)
  eden space 157696K, 99% used [0x00000000e0a00000,0x00000000ea36f2c0,0x00000000ea400000)
  from space 7168K, 22% used [0x00000000eac00000,0x00000000ead94560,0x00000000eb300000)
  to   space 7680K, 0% used [0x00000000ea400000,0x00000000ea400000,0x00000000eab80000)
 ParOldGen       total 147968K, used 93397K [0x00000000a1e00000, 0x00000000aae80000, 0x00000000e0a00000)
  object space 147968K, 63% used [0x00000000a1e00000,0x00000000a79355b8,0x00000000aae80000)
 Metaspace       used 17360K, capacity 17700K, committed 17920K, reserved 1064960K
  class space    used 2182K, capacity 2278K, committed 2304K, reserved 1048576K
Event: 7.990 GC heap after
Heap after GC invocations=11 (full 0):
 PSYoungGen      total 165376K, used 1944K [0x00000000e0a00000, 0x00000000f0f80000, 0x0000000100000000)
  eden space 157696K, 0% used [0x00000000e0a00000,0x00000000e0a00000,0x00000000ea400000)
  from space 7680K, 25% used [0x00000000ea400000,0x00000000ea5e6378,0x00000000eab80000)
  to   space 7680K, 0% used [0x00000000f0800000,0x00000000f0800000,0x00000000f0f80000)
 ParOldGen       total 147968K, used 93405K [0x00000000a1e00000, 0x00000000aae80000, 0x00000000e0a00000)
  object space 147968K, 63% used [0x00000000a1e00000,0x00000000a79375b8,0x00000000aae80000)
 Metaspace       used 17360K, capacity 17700K, committed 17920K, reserved 1064960K
  class space    used 2182K, capacity 2278K, committed 2304K, reserved 1048576K
}
Event: 9.427 GC heap before
{Heap before GC invocations=12 (full 0):
 PSYoungGen      total 165376K, used 159640K [0x00000000e0a00000, 0x00000000f0f80000, 0x0000000100000000)
  eden space 157696K, 100% used [0x00000000e0a00000,0x00000000ea400000,0x00000000ea400000)
  from space 7680K, 25% used [0x00000000ea400000,0x00000000ea5e6378,0x00000000eab80000)
  to   space 7680K, 0% used [0x00000000f0800000,0x00000000f0800000,0x00000000f0f80000)
 ParOldGen       total 147968K, used 93405K [0x00000000a1e00000, 0x00000000aae80000, 0x00000000e0a00000)
  object space 147968K, 63% used [0x00000000a1e00000,0x00000000a79375b8,0x00000000aae80000)
 Metaspace       used 17981K, capacity 18308K, committed 18560K, reserved 1064960K
  class space    used 2265K, capacity 2374K, committed 2432K, reserved 1048576K
Event: 9.457 GC heap after
Heap after GC invocations=12 (full 0):
 PSYoungGen      total 259072K, used 6685K [0x00000000e0a00000, 0x00000000f1180000, 0x0000000100000000)
  eden space 251392K, 0% used [0x00000000e0a00000,0x00000000e0a00000,0x00000000eff80000)
  from space 7680K, 87% used [0x00000000f0800000,0x00000000f0e875d0,0x00000000f0f80000)
  to   space 8704K, 0% used [0x00000000eff80000,0x00000000eff80000,0x00000000f0800000)
 ParOldGen       total 147968K, used 93413K [0x00000000a1e00000, 0x00000000aae80000, 0x00000000e0a00000)
  object space 147968K, 63% used [0x00000000a1e00000,0x00000000a79395b8,0x00000000aae80000)
 Metaspace       used 17981K, capacity 18308K, committed 18560K, reserved 1064960K
  class space    used 2265K, capacity 2374K, committed 2432K, reserved 1048576K
}

